<?xml version="1.0" encoding="UTF-8"?>
<testng-results ignored="0" total="9" passed="9" failed="0" skipped="0">
  <reporter-output>
  </reporter-output>
  <suite started-at="2022-10-13T00:06:48 IST" name="Default suite" finished-at="2022-10-13T00:07:43 IST" duration-ms="55682">
    <groups>
    </groups>
    <test started-at="2022-10-13T00:06:48 IST" name="Default test" finished-at="2022-10-13T00:07:43 IST" duration-ms="55682">
      <class name="com.test.flipkart">
        <test-method is-config="true" signature="beforeClass()[pri:0, instance:com.test.flipkart@316bcf94]" started-at="2022-10-13T00:06:48 IST" name="beforeClass" finished-at="2022-10-13T00:06:52 IST" duration-ms="4668" status="PASS">
          <reporter-output>
          </reporter-output>
        </test-method> <!-- beforeClass -->
        <test-method is-config="true" signature="beforeMethod()[pri:0, instance:com.test.flipkart@316bcf94]" started-at="2022-10-13T00:06:52 IST" name="beforeMethod" finished-at="2022-10-13T00:06:52 IST" duration-ms="146" status="PASS">
          <reporter-output>
          </reporter-output>
        </test-method> <!-- beforeMethod -->
        <test-method signature="loadTime()[pri:1, instance:com.test.flipkart@316bcf94]" started-at="2022-10-13T00:06:53 IST" name="loadTime" finished-at="2022-10-13T00:07:17 IST" duration-ms="24699" status="PASS">
          <reporter-output>
          </reporter-output>
        </test-method> <!-- loadTime -->
        <test-method is-config="true" signature="afterMethod()[pri:0, instance:com.test.flipkart@316bcf94]" started-at="2022-10-13T00:07:17 IST" name="afterMethod" finished-at="2022-10-13T00:07:17 IST" duration-ms="0" status="PASS">
          <reporter-output>
          </reporter-output>
        </test-method> <!-- afterMethod -->
        <test-method is-config="true" signature="beforeMethod()[pri:0, instance:com.test.flipkart@316bcf94]" started-at="2022-10-13T00:07:17 IST" name="beforeMethod" finished-at="2022-10-13T00:07:17 IST" duration-ms="96" status="PASS">
          <reporter-output>
          </reporter-output>
        </test-method> <!-- beforeMethod -->
        <test-method signature="search()[pri:2, instance:com.test.flipkart@316bcf94]" started-at="2022-10-13T00:07:17 IST" name="search" finished-at="2022-10-13T00:07:19 IST" duration-ms="1695" status="PASS">
          <reporter-output>
          </reporter-output>
        </test-method> <!-- search -->
        <test-method is-config="true" signature="afterMethod()[pri:0, instance:com.test.flipkart@316bcf94]" started-at="2022-10-13T00:07:19 IST" name="afterMethod" finished-at="2022-10-13T00:07:19 IST" duration-ms="0" status="PASS">
          <reporter-output>
          </reporter-output>
        </test-method> <!-- afterMethod -->
        <test-method is-config="true" signature="beforeMethod()[pri:0, instance:com.test.flipkart@316bcf94]" started-at="2022-10-13T00:07:19 IST" name="beforeMethod" finished-at="2022-10-13T00:07:19 IST" duration-ms="178" status="PASS">
          <reporter-output>
          </reporter-output>
        </test-method> <!-- beforeMethod -->
        <test-method signature="scroll()[pri:3, instance:com.test.flipkart@316bcf94]" started-at="2022-10-13T00:07:19 IST" name="scroll" finished-at="2022-10-13T00:07:22 IST" duration-ms="2352" status="PASS">
          <reporter-output>
          </reporter-output>
        </test-method> <!-- scroll -->
        <test-method is-config="true" signature="afterMethod()[pri:0, instance:com.test.flipkart@316bcf94]" started-at="2022-10-13T00:07:22 IST" name="afterMethod" finished-at="2022-10-13T00:07:22 IST" duration-ms="1" status="PASS">
          <reporter-output>
          </reporter-output>
        </test-method> <!-- afterMethod -->
        <test-method is-config="true" signature="beforeMethod()[pri:0, instance:com.test.flipkart@316bcf94]" started-at="2022-10-13T00:07:22 IST" name="beforeMethod" finished-at="2022-10-13T00:07:22 IST" duration-ms="23" status="PASS">
          <reporter-output>
          </reporter-output>
        </test-method> <!-- beforeMethod -->
        <test-method signature="contentRefresh()[pri:4, instance:com.test.flipkart@316bcf94]" started-at="2022-10-13T00:07:22 IST" name="contentRefresh" finished-at="2022-10-13T00:07:24 IST" duration-ms="2207" status="PASS">
          <reporter-output>
          </reporter-output>
        </test-method> <!-- contentRefresh -->
        <test-method is-config="true" signature="afterMethod()[pri:0, instance:com.test.flipkart@316bcf94]" started-at="2022-10-13T00:07:24 IST" name="afterMethod" finished-at="2022-10-13T00:07:24 IST" duration-ms="0" status="PASS">
          <reporter-output>
          </reporter-output>
        </test-method> <!-- afterMethod -->
        <test-method is-config="true" signature="beforeMethod()[pri:0, instance:com.test.flipkart@316bcf94]" started-at="2022-10-13T00:07:24 IST" name="beforeMethod" finished-at="2022-10-13T00:07:24 IST" duration-ms="11" status="PASS">
          <reporter-output>
          </reporter-output>
        </test-method> <!-- beforeMethod -->
        <test-method signature="imageDisplay()[pri:5, instance:com.test.flipkart@316bcf94]" started-at="2022-10-13T00:07:24 IST" name="imageDisplay" finished-at="2022-10-13T00:07:28 IST" duration-ms="4050" status="PASS">
          <reporter-output>
          </reporter-output>
        </test-method> <!-- imageDisplay -->
        <test-method is-config="true" signature="afterMethod()[pri:0, instance:com.test.flipkart@316bcf94]" started-at="2022-10-13T00:07:28 IST" name="afterMethod" finished-at="2022-10-13T00:07:28 IST" duration-ms="0" status="PASS">
          <reporter-output>
          </reporter-output>
        </test-method> <!-- afterMethod -->
        <test-method is-config="true" signature="beforeMethod()[pri:0, instance:com.test.flipkart@316bcf94]" started-at="2022-10-13T00:07:28 IST" name="beforeMethod" finished-at="2022-10-13T00:07:28 IST" duration-ms="8" status="PASS">
          <reporter-output>
          </reporter-output>
        </test-method> <!-- beforeMethod -->
        <test-method signature="bottomScroll()[pri:6, instance:com.test.flipkart@316bcf94]" started-at="2022-10-13T00:07:28 IST" name="bottomScroll" finished-at="2022-10-13T00:07:30 IST" duration-ms="1967" status="PASS">
          <reporter-output>
          </reporter-output>
        </test-method> <!-- bottomScroll -->
        <test-method is-config="true" signature="afterMethod()[pri:0, instance:com.test.flipkart@316bcf94]" started-at="2022-10-13T00:07:30 IST" name="afterMethod" finished-at="2022-10-13T00:07:30 IST" duration-ms="0" status="PASS">
          <reporter-output>
          </reporter-output>
        </test-method> <!-- afterMethod -->
        <test-method is-config="true" signature="beforeMethod()[pri:0, instance:com.test.flipkart@316bcf94]" started-at="2022-10-13T00:07:30 IST" name="beforeMethod" finished-at="2022-10-13T00:07:30 IST" duration-ms="22" status="PASS">
          <reporter-output>
          </reporter-output>
        </test-method> <!-- beforeMethod -->
        <test-method signature="imgHeight()[pri:7, instance:com.test.flipkart@316bcf94]" started-at="2022-10-13T00:07:30 IST" name="imgHeight" finished-at="2022-10-13T00:07:32 IST" duration-ms="2533" status="PASS">
          <reporter-output>
          </reporter-output>
        </test-method> <!-- imgHeight -->
        <test-method is-config="true" signature="afterMethod()[pri:0, instance:com.test.flipkart@316bcf94]" started-at="2022-10-13T00:07:32 IST" name="afterMethod" finished-at="2022-10-13T00:07:32 IST" duration-ms="1" status="PASS">
          <reporter-output>
          </reporter-output>
        </test-method> <!-- afterMethod -->
        <test-method is-config="true" signature="beforeMethod()[pri:0, instance:com.test.flipkart@316bcf94]" started-at="2022-10-13T00:07:32 IST" name="beforeMethod" finished-at="2022-10-13T00:07:32 IST" duration-ms="8" status="PASS">
          <reporter-output>
          </reporter-output>
        </test-method> <!-- beforeMethod -->
        <test-method signature="diffBrowChrome()[pri:8, instance:com.test.flipkart@316bcf94]" started-at="2022-10-13T00:07:32 IST" name="diffBrowChrome" finished-at="2022-10-13T00:07:34 IST" duration-ms="1707" status="PASS">
          <reporter-output>
          </reporter-output>
        </test-method> <!-- diffBrowChrome -->
        <test-method is-config="true" signature="afterMethod()[pri:0, instance:com.test.flipkart@316bcf94]" started-at="2022-10-13T00:07:34 IST" name="afterMethod" finished-at="2022-10-13T00:07:34 IST" duration-ms="1" status="PASS">
          <reporter-output>
          </reporter-output>
        </test-method> <!-- afterMethod -->
        <test-method is-config="true" signature="beforeMethod()[pri:0, instance:com.test.flipkart@316bcf94]" started-at="2022-10-13T00:07:34 IST" name="beforeMethod" finished-at="2022-10-13T00:07:34 IST" duration-ms="195" status="PASS">
          <reporter-output>
          </reporter-output>
        </test-method> <!-- beforeMethod -->
        <test-method signature="diffBrowEdge()[pri:9, instance:com.test.flipkart@316bcf94]" started-at="2022-10-13T00:07:34 IST" name="diffBrowEdge" finished-at="2022-10-13T00:07:43 IST" duration-ms="9004" status="PASS">
          <reporter-output>
          </reporter-output>
        </test-method> <!-- diffBrowEdge -->
        <test-method is-config="true" signature="afterMethod()[pri:0, instance:com.test.flipkart@316bcf94]" started-at="2022-10-13T00:07:43 IST" name="afterMethod" finished-at="2022-10-13T00:07:43 IST" duration-ms="1" status="PASS">
          <reporter-output>
          </reporter-output>
        </test-method> <!-- afterMethod -->
        <test-method is-config="true" signature="afterClass()[pri:0, instance:com.test.flipkart@316bcf94]" started-at="2022-10-13T00:07:43 IST" name="afterClass" finished-at="2022-10-13T00:07:43 IST" duration-ms="1" status="PASS">
          <reporter-output>
          </reporter-output>
        </test-method> <!-- afterClass -->
      </class> <!-- com.test.flipkart -->
    </test> <!-- Default test -->
  </suite> <!-- Default suite -->
</testng-results>
